-------------------------------------------------------------------------------
Test set: com.test.jet.TestRunner
-------------------------------------------------------------------------------
Tests run: 3, Failures: 1, Errors: 0, Skipped: 0, Time elapsed: 3.818 sec <<< FAILURE! - in com.test.jet.TestRunner
Validate that the task is successfully updating(Task)  Time elapsed: 0.601 sec  <<< FAILURE!
org.assertj.core.api.SoftAssertionError: 
The following 2 assertions failed:
1) [Title is not updated] expected:<"[Culpa nulla suscipit sequi est beatae omnis ipsa repellat.]"> but was:<"[hello test]">
2) [Is completed not updated] expected:<[false]> but was:<["true"]>

	at org.assertj.core.error.AssertionErrorCreator.multipleSoftAssertionsError(AssertionErrorCreator.java:100)
	at org.assertj.core.api.AbstractSoftAssertions.assertAll(AbstractSoftAssertions.java:37)
	at org.assertj.core.api.AbstractSoftAssertions.assertAll(AbstractSoftAssertions.java:42)
	at com.test.jet.backend.stepdefinitions.TestSteps.theTaskShouldBeUpdated(TestSteps.java:58)
	at âœ½.the task should be updated(file:src/test/resources/features/Test.feature:27)

