<?xml version="1.0" encoding="UTF-8"?>
<testsuite name="com.test.jet.TestRunner" time="2.348" tests="3" errors="0" skipped="0" failures="1">
  <properties>
    <property name="java.runtime.name" value="OpenJDK Runtime Environment"/>
    <property name="java.vm.version" value="17.0.2+0"/>
    <property name="sun.boot.library.path" value="/usr/local/Cellar/openjdk/17.0.2/libexec/openjdk.jdk/Contents/Home/lib"/>
    <property name="maven.multiModuleProjectDirectory" value="/Users/msohaib/IdeaProjects/qa-auto"/>
    <property name="java.vm.vendor" value="Homebrew"/>
    <property name="java.vendor.url" value="https://github.com/Homebrew/homebrew-core/issues"/>
    <property name="guice.disable.misplaced.annotation.check" value="true"/>
    <property name="path.separator" value=":"/>
    <property name="java.vm.name" value="OpenJDK 64-Bit Server VM"/>
    <property name="user.country" value="GB"/>
    <property name="sun.java.launcher" value="SUN_STANDARD"/>
    <property name="java.vm.specification.name" value="Java Virtual Machine Specification"/>
    <property name="user.dir" value="/Users/msohaib/IdeaProjects/qa-auto"/>
    <property name="java.vm.compressedOopsMode" value="Zero based"/>
    <property name="java.runtime.version" value="17.0.2+0"/>
    <property name="os.arch" value="x86_64"/>
    <property name="java.io.tmpdir" value="/var/folders/w2/c8dlsd9954132tcvfwcjwwhm0000gr/T/"/>
    <property name="line.separator" value="&#10;"/>
    <property name="java.vm.specification.vendor" value="Oracle Corporation"/>
    <property name="os.name" value="Mac OS X"/>
    <property name="classworlds.conf" value="/usr/local/Cellar/maven/3.8.4/libexec/bin/m2.conf"/>
    <property name="sun.jnu.encoding" value="UTF-8"/>
    <property name="java.library.path" value="/Users/msohaib/Library/Java/Extensions:/Library/Java/Extensions:/Network/Library/Java/Extensions:/System/Library/Java/Extensions:/usr/lib/java:."/>
    <property name="maven.conf" value="/usr/local/Cellar/maven/3.8.4/libexec/conf"/>
    <property name="jdk.debug" value="release"/>
    <property name="java.class.version" value="61.0"/>
    <property name="java.specification.name" value="Java Platform API Specification"/>
    <property name="sun.management.compiler" value="HotSpot 64-Bit Tiered Compilers"/>
    <property name="os.version" value="10.15.7"/>
    <property name="library.jansi.path" value="/usr/local/Cellar/maven/3.8.4/libexec/lib/jansi-native"/>
    <property name="user.home" value="/Users/msohaib"/>
    <property name="user.timezone" value="Europe/Amsterdam"/>
    <property name="file.encoding" value="UTF-8"/>
    <property name="java.specification.version" value="17"/>
    <property name="user.name" value="msohaib"/>
    <property name="java.class.path" value="/usr/local/Cellar/maven/3.8.4/libexec/boot/plexus-classworlds-2.6.0.jar"/>
    <property name="java.vm.specification.version" value="17"/>
    <property name="sun.arch.data.model" value="64"/>
    <property name="sun.java.command" value="org.codehaus.plexus.classworlds.launcher.Launcher clean test"/>
    <property name="java.home" value="/usr/local/Cellar/openjdk/17.0.2/libexec/openjdk.jdk/Contents/Home"/>
    <property name="user.language" value="en"/>
    <property name="java.specification.vendor" value="Oracle Corporation"/>
    <property name="java.vm.info" value="mixed mode, sharing"/>
    <property name="java.version" value="17.0.2"/>
    <property name="native.encoding" value="UTF-8"/>
    <property name="java.vendor" value="Homebrew"/>
    <property name="sun.stderr.encoding" value="UTF-8"/>
    <property name="maven.home" value="/usr/local/Cellar/maven/3.8.4/libexec"/>
    <property name="file.separator" value="/"/>
    <property name="java.version.date" value="2022-01-18"/>
    <property name="java.vendor.url.bug" value="https://github.com/Homebrew/homebrew-core/issues"/>
    <property name="sun.io.unicode.encoding" value="UnicodeBig"/>
    <property name="sun.cpu.endian" value="little"/>
    <property name="java.vendor.version" value="Homebrew"/>
    <property name="sun.stdout.encoding" value="UTF-8"/>
  </properties>
  <testcase name="Validate that all task for the user is retrieving successfully" classname="Task" time="1.63"/>
  <testcase name="Validate that the task should not be updated for the device id not found" classname="Task" time="0.117"/>
  <testcase name="Validate that the task is successfully updating" classname="Task" time="0.601">
    <failure message="&#10;The following 2 assertions failed:&#10;1) [Title is not updated] expected:&lt;&quot;[Culpa nulla suscipit sequi est beatae omnis ipsa repellat.]&quot;&gt; but was:&lt;&quot;[hello test]&quot;&gt;&#10;2) [Is completed not updated] expected:&lt;[false]&gt; but was:&lt;[&quot;true&quot;]&gt;&#10;" type="org.assertj.core.api.SoftAssertionError"><![CDATA[org.assertj.core.api.SoftAssertionError: 
The following 2 assertions failed:
1) [Title is not updated] expected:<"[Culpa nulla suscipit sequi est beatae omnis ipsa repellat.]"> but was:<"[hello test]">
2) [Is completed not updated] expected:<[false]> but was:<["true"]>

	at org.assertj.core.error.AssertionErrorCreator.multipleSoftAssertionsError(AssertionErrorCreator.java:100)
	at org.assertj.core.api.AbstractSoftAssertions.assertAll(AbstractSoftAssertions.java:37)
	at org.assertj.core.api.AbstractSoftAssertions.assertAll(AbstractSoftAssertions.java:42)
	at com.test.jet.backend.stepdefinitions.TestSteps.theTaskShouldBeUpdated(TestSteps.java:58)
	at ✽.the task should be updated(file:src/test/resources/features/Test.feature:27)
]]></failure>
    <system-out><![CDATA[
  Scenario Outline: Validate that the task is successfully updating &amp#27;[90m# src/test/resources/features/Test.feature:22&amp#27;[0m
    &amp#27;[36mWhen I update the task <id> with the following parameters&amp#27;[0m
    &amp#27;[36mThen I should get the status code 200&amp#27;[0m
    &amp#27;[36mAnd the task should be updated&amp#27;[0m

    Examples: 

  Background:                                             &amp#27;[90m# src/test/resources/features/Test.feature:3&amp#27;[0m
    &amp#27;[32mGiven &amp#27;[0m&amp#27;[32mI have valid authentication token to access api&amp#27;[0m &amp#27;[90m# TestSteps.thisIsTest()&amp#27;[0m

  Scenario Outline: Validate that the task is successfully updating &amp#27;[90m# src/test/resources/features/Test.feature:33&amp#27;[0m
    &amp#27;[32mWhen &amp#27;[0m&amp#27;[32mI update the task &amp#27;[0m&amp#27;[32m&amp#27;[1m1001&amp#27;[0m&amp#27;[32m with the following parameters&amp#27;[0m       &amp#27;[90m# TestSteps.iUpdateTheTaskWithTheFollowingParameters(int,String,String>)&amp#27;[0m
    &amp#27;[32mThen &amp#27;[0m&amp#27;[32mI should get the status code &amp#27;[0m&amp#27;[32m&amp#27;[1m200&amp#27;[0m                           &amp#27;[90m# CommonSteps.iShouldGetTheStatusCode(Integer)&amp#27;[0m
    &amp#27;[31mAnd &amp#27;[0m&amp#27;[31mthe task should be updated&amp#27;[0m                                  &amp#27;[90m# TestSteps.theTaskShouldBeUpdated(String,String>)&amp#27;[0m
      &amp#27;[31morg.assertj.core.api.SoftAssertionError: 
The following 2 assertions failed:
1) [Title is not updated] expected:<"[Culpa nulla suscipit sequi est beatae omnis ipsa repellat.]"> but was:<"[hello test]">
2) [Is completed not updated] expected:<[false]> but was:<["true"]>

	at org.assertj.core.error.AssertionErrorCreator.multipleSoftAssertionsError(AssertionErrorCreator.java:100)
	at org.assertj.core.api.AbstractSoftAssertions.assertAll(AbstractSoftAssertions.java:37)
	at org.assertj.core.api.AbstractSoftAssertions.assertAll(AbstractSoftAssertions.java:42)
	at com.test.jet.backend.stepdefinitions.TestSteps.theTaskShouldBeUpdated(TestSteps.java:58)
	at ✽.the task should be updated(file:src/test/resources/features/Test.feature:27)
&amp#27;[0m
]]></system-out>
  </testcase>
</testsuite>